<?xml version="1.0" encoding="UTF-8"?>
<!-- Generated by org.testng.reporters.JUnitXMLReporter -->
<testsuite ignored="0" hostname="SANDHYA" failures="0" tests="4" name="Default test" time="0.412" errors="0" timestamp="2024-03-01T23:10:03 IST">
  <testcase classname="TestNGpackage.FirstTestNGpgm" name="test3" time="0.012"/>
  <testcase classname="TestNGpackage.FirstTestNGpgm" name="test1" time="0.005"/>
  <testcase classname="TestNGpackage.FirstTestNGpgm" name="test2" time="0.005"/>
  <testcase classname="TestNGpackage.FirstTestNGpgm" name="test2" time="0.003"/>
</testsuite> <!-- Default test -->
