<?xml version="1.0" encoding="UTF-8"?>
<testng-results ignored="0" total="4" passed="4" failed="0" skipped="0">
  <reporter-output>
  </reporter-output>
  <suite started-at="2024-03-01T23:10:03 IST" name="Default suite" finished-at="2024-03-01T23:10:03 IST" duration-ms="412">
    <groups>
    </groups>
    <test started-at="2024-03-01T23:10:03 IST" name="Default test" finished-at="2024-03-01T23:10:03 IST" duration-ms="412">
      <class name="TestNGpackage.FirstTestNGpgm">
        <test-method is-config="true" signature="setup()[pri:0, instance:TestNGpackage.FirstTestNGpgm@7e07db1f]" started-at="2024-03-01T23:10:03 IST" name="setup" finished-at="2024-03-01T23:10:03 IST" duration-ms="14" status="PASS">
          <reporter-output>
          </reporter-output>
        </test-method> <!-- setup -->
        <test-method is-config="true" signature="urlopen()[pri:0, instance:TestNGpackage.FirstTestNGpgm@7e07db1f]" started-at="2024-03-01T23:10:03 IST" name="urlopen" finished-at="2024-03-01T23:10:03 IST" duration-ms="0" status="PASS">
          <reporter-output>
          </reporter-output>
        </test-method> <!-- urlopen -->
        <test-method signature="test3()[pri:1, instance:TestNGpackage.FirstTestNGpgm@7e07db1f]" started-at="2024-03-01T23:10:03 IST" name="test3" finished-at="2024-03-01T23:10:03 IST" duration-ms="12" status="PASS">
          <reporter-output>
          </reporter-output>
        </test-method> <!-- test3 -->
        <test-method is-config="true" signature="browserclose()[pri:0, instance:TestNGpackage.FirstTestNGpgm@7e07db1f]" started-at="2024-03-01T23:10:03 IST" name="browserclose" finished-at="2024-03-01T23:10:03 IST" duration-ms="0" status="PASS">
          <reporter-output>
          </reporter-output>
        </test-method> <!-- browserclose -->
        <test-method signature="test1()[pri:3, instance:TestNGpackage.FirstTestNGpgm@7e07db1f]" started-at="2024-03-01T23:10:03 IST" name="test1" finished-at="2024-03-01T23:10:03 IST" duration-ms="5" status="PASS">
          <reporter-output>
          </reporter-output>
        </test-method> <!-- test1 -->
        <test-method is-config="true" signature="urlopen()[pri:0, instance:TestNGpackage.FirstTestNGpgm@7e07db1f]" started-at="2024-03-01T23:10:03 IST" name="urlopen" finished-at="2024-03-01T23:10:03 IST" duration-ms="0" status="PASS">
          <reporter-output>
          </reporter-output>
        </test-method> <!-- urlopen -->
        <test-method is-config="true" signature="browserclose()[pri:0, instance:TestNGpackage.FirstTestNGpgm@7e07db1f]" started-at="2024-03-01T23:10:03 IST" name="browserclose" finished-at="2024-03-01T23:10:03 IST" duration-ms="0" status="PASS">
          <reporter-output>
          </reporter-output>
        </test-method> <!-- browserclose -->
        <test-method is-config="true" signature="urlopen()[pri:0, instance:TestNGpackage.FirstTestNGpgm@7e07db1f]" started-at="2024-03-01T23:10:03 IST" name="urlopen" finished-at="2024-03-01T23:10:03 IST" duration-ms="0" status="PASS">
          <reporter-output>
          </reporter-output>
        </test-method> <!-- urlopen -->
        <test-method signature="test2()[pri:2, instance:TestNGpackage.FirstTestNGpgm@7e07db1f]" started-at="2024-03-01T23:10:03 IST" name="test2" finished-at="2024-03-01T23:10:03 IST" depends-on-methods="TestNGpackage.FirstTestNGpgm.test1" duration-ms="5" status="PASS">
          <reporter-output>
          </reporter-output>
        </test-method> <!-- test2 -->
        <test-method is-config="true" signature="browserclose()[pri:0, instance:TestNGpackage.FirstTestNGpgm@7e07db1f]" started-at="2024-03-01T23:10:03 IST" name="browserclose" finished-at="2024-03-01T23:10:03 IST" duration-ms="0" status="PASS">
          <reporter-output>
          </reporter-output>
        </test-method> <!-- browserclose -->
        <test-method is-config="true" signature="urlopen()[pri:0, instance:TestNGpackage.FirstTestNGpgm@7e07db1f]" started-at="2024-03-01T23:10:03 IST" name="urlopen" finished-at="2024-03-01T23:10:03 IST" duration-ms="1" status="PASS">
          <reporter-output>
          </reporter-output>
        </test-method> <!-- urlopen -->
        <test-method signature="test2()[pri:2, instance:TestNGpackage.FirstTestNGpgm@7e07db1f]" started-at="2024-03-01T23:10:03 IST" name="test2" finished-at="2024-03-01T23:10:03 IST" depends-on-methods="TestNGpackage.FirstTestNGpgm.test1" duration-ms="3" status="PASS">
          <reporter-output>
          </reporter-output>
        </test-method> <!-- test2 -->
        <test-method is-config="true" signature="browserclose()[pri:0, instance:TestNGpackage.FirstTestNGpgm@7e07db1f]" started-at="2024-03-01T23:10:03 IST" name="browserclose" finished-at="2024-03-01T23:10:03 IST" duration-ms="0" status="PASS">
          <reporter-output>
          </reporter-output>
        </test-method> <!-- browserclose -->
      </class> <!-- TestNGpackage.FirstTestNGpgm -->
    </test> <!-- Default test -->
  </suite> <!-- Default suite -->
</testng-results>
